# JRE version: Java(TM) SE Runtime Environment (8.0_221-b11) (build 1.8.0_221-b11)
# Java VM: Java HotSpot(TM) 64-Bit Server VM (25.221-b11 mixed mode bsd-amd64 compressed oops)
Heap:
 PSYoungGen      total 168448K, used 141696K [0x0000000795580000, 0x00000007a0e00000, 0x00000007c0000000)
  eden space 156672K, 90% used [0x0000000795580000,0x000000079dfe0238,0x000000079ee80000)
  from space 11776K, 0% used [0x000000079fb00000,0x000000079fb00000,0x00000007a0680000)
  to   space 12800K, 0% used [0x000000079ee80000,0x000000079ee80000,0x000000079fb00000)
 ParOldGen       total 83968K, used 11975K [0x0000000740000000, 0x0000000745200000, 0x0000000795580000)
  object space 83968K, 14% used [0x0000000740000000,0x0000000740bb1db0,0x0000000745200000)
 Metaspace       used 37629K, capacity 39934K, committed 40192K, reserved 1083392K
  class space    used 5073K, capacity 5517K, committed 5632K, reserved 1048576K
GC Heap History (10 events):
Event: 3.071 GC heap before
{Heap before GC invocations=7 (full 1):
 PSYoungGen      total 71680K, used 71649K [0x0000000795580000, 0x000000079cd00000, 0x00000007c0000000)
  eden space 66560K, 100% used [0x0000000795580000,0x0000000799680000,0x0000000799680000)
  from space 5120K, 99% used [0x0000000799680000,0x0000000799b78778,0x0000000799b80000)
  to   space 8192K, 0% used [0x000000079c500000,0x000000079c500000,0x000000079cd00000)
 ParOldGen       total 54784K, used 6574K [0x0000000740000000, 0x0000000743580000, 0x0000000795580000)
  object space 54784K, 12% used [0x0000000740000000,0x000000074066bbf8,0x0000000743580000)
 Metaspace       used 29042K, capacity 30672K, committed 30976K, reserved 1075200K
  class space    used 3940K, capacity 4268K, committed 4352K, reserved 1048576K
Event: 3.087 GC heap after
Heap after GC invocations=7 (full 1):
 PSYoungGen      total 112640K, used 8170K [0x0000000795580000, 0x000000079ce80000, 0x00000007c0000000)
  eden space 104448K, 0% used [0x0000000795580000,0x0000000795580000,0x000000079bb80000)
  from space 8192K, 99% used [0x000000079c500000,0x000000079ccfa840,0x000000079cd00000)
  to   space 9728K, 0% used [0x000000079bb80000,0x000000079bb80000,0x000000079c500000)
 ParOldGen       total 54784K, used 8222K [0x0000000740000000, 0x0000000743580000, 0x0000000795580000)
  object space 54784K, 15% used [0x0000000740000000,0x0000000740807bd8,0x0000000743580000)
 Metaspace       used 29042K, capacity 30672K, committed 30976K, reserved 1075200K
  class space    used 3940K, capacity 4268K, committed 4352K, reserved 1048576K
}
Event: 8.440 GC heap before
{Heap before GC invocations=8 (full 1):
 PSYoungGen      total 112640K, used 65015K [0x0000000795580000, 0x000000079ce80000, 0x00000007c0000000)
  eden space 104448K, 54% used [0x0000000795580000,0x0000000798d033d0,0x000000079bb80000)
  from space 8192K, 99% used [0x000000079c500000,0x000000079ccfa840,0x000000079cd00000)
  to   space 9728K, 0% used [0x000000079bb80000,0x000000079bb80000,0x000000079c500000)
 ParOldGen       total 54784K, used 8222K [0x0000000740000000, 0x0000000743580000, 0x0000000795580000)
  object space 54784K, 15% used [0x0000000740000000,0x0000000740807bd8,0x0000000743580000)
 Metaspace       used 33287K, capacity 35362K, committed 35456K, reserved 1079296K
  class space    used 4531K, capacity 4944K, committed 4992K, reserved 1048576K
Event: 8.458 GC heap after
Heap after GC invocations=8 (full 1):
 PSYoungGen      total 114176K, used 9725K [0x0000000795580000, 0x00000007a0680000, 0x00000007c0000000)
  eden space 104448K, 0% used [0x0000000795580000,0x0000000795580000,0x000000079bb80000)
  from space 9728K, 99% used [0x000000079bb80000,0x000000079c4ff600,0x000000079c500000)
  to   space 11776K, 0% used [0x000000079fb00000,0x000000079fb00000,0x00000007a0680000)
 ParOldGen       total 54784K, used 9874K [0x0000000740000000, 0x0000000743580000, 0x0000000795580000)
  object space 54784K, 18% used [0x0000000740000000,0x00000007409a4af0,0x0000000743580000)
 Metaspace       used 33287K, capacity 35362K, committed 35456K, reserved 1079296K
  class space    used 4531K, capacity 4944K, committed 4992K, reserved 1048576K
}
Event: 8.458 GC heap before
{Heap before GC invocations=9 (full 2):
 PSYoungGen      total 114176K, used 9725K [0x0000000795580000, 0x00000007a0680000, 0x00000007c0000000)
  eden space 104448K, 0% used [0x0000000795580000,0x0000000795580000,0x000000079bb80000)
  from space 9728K, 99% used [0x000000079bb80000,0x000000079c4ff600,0x000000079c500000)
  to   space 11776K, 0% used [0x000000079fb00000,0x000000079fb00000,0x00000007a0680000)
 ParOldGen       total 54784K, used 9874K [0x0000000740000000, 0x0000000743580000, 0x0000000795580000)
  object space 54784K, 18% used [0x0000000740000000,0x00000007409a4af0,0x0000000743580000)
 Metaspace       used 33287K, capacity 35362K, committed 35456K, reserved 1079296K
  class space    used 4531K, capacity 4944K, committed 4992K, reserved 1048576K
Event: 8.547 GC heap after
Heap after GC invocations=9 (full 2):
 PSYoungGen      total 114176K, used 0K [0x0000000795580000, 0x00000007a0680000, 0x00000007c0000000)
  eden space 104448K, 0% used [0x0000000795580000,0x0000000795580000,0x000000079bb80000)
  from space 9728K, 0% used [0x000000079bb80000,0x000000079bb80000,0x000000079c500000)
  to   space 11776K, 0% used [0x000000079fb00000,0x000000079fb00000,0x00000007a0680000)
 ParOldGen       total 83968K, used 15050K [0x0000000740000000, 0x0000000745200000, 0x0000000795580000)
  object space 83968K, 17% used [0x0000000740000000,0x0000000740eb2808,0x0000000745200000)
 Metaspace       used 33264K, capacity 35326K, committed 35456K, reserved 1079296K
  class space    used 4528K, capacity 4938K, committed 4992K, reserved 1048576K
}
Event: 51.774 GC heap before
{Heap before GC invocations=10 (full 2):
 PSYoungGen      total 114176K, used 29031K [0x0000000795580000, 0x00000007a0680000, 0x00000007c0000000)
  eden space 104448K, 27% used [0x0000000795580000,0x00000007971d9c50,0x000000079bb80000)
  from space 9728K, 0% used [0x000000079bb80000,0x000000079bb80000,0x000000079c500000)
  to   space 11776K, 0% used [0x000000079fb00000,0x000000079fb00000,0x00000007a0680000)
 ParOldGen       total 83968K, used 15050K [0x0000000740000000, 0x0000000745200000, 0x0000000795580000)
  object space 83968K, 17% used [0x0000000740000000,0x0000000740eb2808,0x0000000745200000)
 Metaspace       used 33427K, capacity 35530K, committed 35712K, reserved 1079296K
  class space    used 4562K, capacity 4955K, committed 4992K, reserved 1048576K
Event: 51.776 GC heap after
Heap after GC invocations=10 (full 2):
 PSYoungGen      total 168448K, used 352K [0x0000000795580000, 0x00000007a0e00000, 0x00000007c0000000)
  eden space 156672K, 0% used [0x0000000795580000,0x0000000795580000,0x000000079ee80000)
  from space 11776K, 2% used [0x000000079fb00000,0x000000079fb58000,0x00000007a0680000)
  to   space 12800K, 0% used [0x000000079ee80000,0x000000079ee80000,0x000000079fb00000)
 ParOldGen       total 83968K, used 15058K [0x0000000740000000, 0x0000000745200000, 0x0000000795580000)
  object space 83968K, 17% used [0x0000000740000000,0x0000000740eb4808,0x0000000745200000)
 Metaspace       used 33427K, capacity 35530K, committed 35712K, reserved 1079296K
  class space    used 4562K, capacity 4955K, committed 4992K, reserved 1048576K
}
Event: 51.776 GC heap before
{Heap before GC invocations=11 (full 3):
 PSYoungGen      total 168448K, used 352K [0x0000000795580000, 0x00000007a0e00000, 0x00000007c0000000)
  eden space 156672K, 0% used [0x0000000795580000,0x0000000795580000,0x000000079ee80000)
  from space 11776K, 2% used [0x000000079fb00000,0x000000079fb58000,0x00000007a0680000)
  to   space 12800K, 0% used [0x000000079ee80000,0x000000079ee80000,0x000000079fb00000)
 ParOldGen       total 83968K, used 15058K [0x0000000740000000, 0x0000000745200000, 0x0000000795580000)
  object space 83968K, 17% used [0x0000000740000000,0x0000000740eb4808,0x0000000745200000)
 Metaspace       used 33427K, capacity 35530K, committed 35712K, reserved 1079296K
  class space    used 4562K, capacity 4955K, committed 4992K, reserved 1048576K
Event: 51.938 GC heap after
Heap after GC invocations=11 (full 3):
 PSYoungGen      total 168448K, used 0K [0x0000000795580000, 0x00000007a0e00000, 0x00000007c0000000)
  eden space 156672K, 0% used [0x0000000795580000,0x0000000795580000,0x000000079ee80000)
  from space 11776K, 0% used [0x000000079fb00000,0x000000079fb00000,0x00000007a0680000)
  to   space 12800K, 0% used [0x000000079ee80000,0x000000079ee80000,0x000000079fb00000)
 ParOldGen       total 83968K, used 11975K [0x0000000740000000, 0x0000000745200000, 0x0000000795580000)
  object space 83968K, 14% used [0x0000000740000000,0x0000000740bb1db0,0x0000000745200000)
 Metaspace       used 33427K, capacity 35530K, committed 35712K, reserved 1079296K
  class space    used 4562K, capacity 4955K, committed 4992K, reserved 1048576K
}

