# JRE version: Java(TM) SE Runtime Environment (8.0_221-b11) (build 1.8.0_221-b11)
# Java VM: Java HotSpot(TM) 64-Bit Server VM (25.221-b11 mixed mode bsd-amd64 compressed oops)
Heap:
 PSYoungGen      total 183296K, used 78403K [0x0000000795580000, 0x00000007a1580000, 0x00000007c0000000)
  eden space 171520K, 45% used [0x0000000795580000,0x000000079a210e88,0x000000079fd00000)
  from space 11776K, 0% used [0x00000007a0900000,0x00000007a0900000,0x00000007a1480000)
  to   space 12288K, 15% used [0x000000079fd00000,0x000000079fed0000,0x00000007a0900000)
 ParOldGen       total 86016K, used 17038K [0x0000000740000000, 0x0000000745400000, 0x0000000795580000)
  object space 86016K, 19% used [0x0000000740000000,0x00000007410a3978,0x0000000745400000)
 Metaspace       used 38279K, capacity 40738K, committed 41088K, reserved 1085440K
  class space    used 5142K, capacity 5643K, committed 5760K, reserved 1048576K
GC Heap History (10 events):
Event: 747.185 GC heap after
Heap after GC invocations=13 (full 3):
 PSYoungGen      total 182784K, used 0K [0x0000000795580000, 0x00000007a1480000, 0x00000007c0000000)
  eden space 171520K, 0% used [0x0000000795580000,0x0000000795580000,0x000000079fd00000)
  from space 11264K, 0% used [0x00000007a0880000,0x00000007a0880000,0x00000007a1380000)
  to   space 11776K, 0% used [0x000000079fd00000,0x000000079fd00000,0x00000007a0880000)
 ParOldGen       total 86016K, used 15584K [0x0000000740000000, 0x0000000745400000, 0x0000000795580000)
  object space 86016K, 18% used [0x0000000740000000,0x0000000740f380d8,0x0000000745400000)
 Metaspace       used 37398K, capacity 39648K, committed 39808K, reserved 1083392K
  class space    used 5045K, capacity 5458K, committed 5504K, reserved 1048576K
}
Event: 893.511 GC heap before
{Heap before GC invocations=14 (full 3):
 PSYoungGen      total 182784K, used 120331K [0x0000000795580000, 0x00000007a1480000, 0x00000007c0000000)
  eden space 171520K, 70% used [0x0000000795580000,0x000000079cb02fc0,0x000000079fd00000)
  from space 11264K, 0% used [0x00000007a0880000,0x00000007a0880000,0x00000007a1380000)
  to   space 11776K, 0% used [0x000000079fd00000,0x000000079fd00000,0x00000007a0880000)
 ParOldGen       total 86016K, used 15584K [0x0000000740000000, 0x0000000745400000, 0x0000000795580000)
  object space 86016K, 18% used [0x0000000740000000,0x0000000740f380d8,0x0000000745400000)
 Metaspace       used 37683K, capacity 40064K, committed 40192K, reserved 1083392K
  class space    used 5082K, capacity 5529K, committed 5632K, reserved 1048576K
Event: 893.516 GC heap after
Heap after GC invocations=14 (full 3):
 PSYoungGen      total 183296K, used 2813K [0x0000000795580000, 0x00000007a1480000, 0x00000007c0000000)
  eden space 171520K, 0% used [0x0000000795580000,0x0000000795580000,0x000000079fd00000)
  from space 11776K, 23% used [0x000000079fd00000,0x000000079ffbf470,0x00000007a0880000)
  to   space 11776K, 0% used [0x00000007a0900000,0x00000007a0900000,0x00000007a1480000)
 ParOldGen       total 86016K, used 15592K [0x0000000740000000, 0x0000000745400000, 0x0000000795580000)
  object space 86016K, 18% used [0x0000000740000000,0x0000000740f3a0d8,0x0000000745400000)
 Metaspace       used 37683K, capacity 40064K, committed 40192K, reserved 1083392K
  class space    used 5082K, capacity 5529K, committed 5632K, reserved 1048576K
}
Event: 893.516 GC heap before
{Heap before GC invocations=15 (full 4):
 PSYoungGen      total 183296K, used 2813K [0x0000000795580000, 0x00000007a1480000, 0x00000007c0000000)
  eden space 171520K, 0% used [0x0000000795580000,0x0000000795580000,0x000000079fd00000)
  from space 11776K, 23% used [0x000000079fd00000,0x000000079ffbf470,0x00000007a0880000)
  to   space 11776K, 0% used [0x00000007a0900000,0x00000007a0900000,0x00000007a1480000)
 ParOldGen       total 86016K, used 15592K [0x0000000740000000, 0x0000000745400000, 0x0000000795580000)
  object space 86016K, 18% used [0x0000000740000000,0x0000000740f3a0d8,0x0000000745400000)
 Metaspace       used 37683K, capacity 40064K, committed 40192K, reserved 1083392K
  class space    used 5082K, capacity 5529K, committed 5632K, reserved 1048576K
Event: 893.715 GC heap after
Heap after GC invocations=15 (full 4):
 PSYoungGen      total 183296K, used 0K [0x0000000795580000, 0x00000007a1480000, 0x00000007c0000000)
  eden space 171520K, 0% used [0x0000000795580000,0x0000000795580000,0x000000079fd00000)
  from space 11776K, 0% used [0x000000079fd00000,0x000000079fd00000,0x00000007a0880000)
  to   space 11776K, 0% used [0x00000007a0900000,0x00000007a0900000,0x00000007a1480000)
 ParOldGen       total 86016K, used 16886K [0x0000000740000000, 0x0000000745400000, 0x0000000795580000)
  object space 86016K, 19% used [0x0000000740000000,0x000000074107d918,0x0000000745400000)
 Metaspace       used 37660K, capacity 40028K, committed 40192K, reserved 1083392K
  class space    used 5079K, capacity 5523K, committed 5632K, reserved 1048576K
}
Event: 905.954 GC heap before
{Heap before GC invocations=16 (full 4):
 PSYoungGen      total 183296K, used 78405K [0x0000000795580000, 0x00000007a1480000, 0x00000007c0000000)
  eden space 171520K, 45% used [0x0000000795580000,0x000000079a2115b8,0x000000079fd00000)
  from space 11776K, 0% used [0x000000079fd00000,0x000000079fd00000,0x00000007a0880000)
  to   space 11776K, 0% used [0x00000007a0900000,0x00000007a0900000,0x00000007a1480000)
 ParOldGen       total 86016K, used 16886K [0x0000000740000000, 0x0000000745400000, 0x0000000795580000)
  object space 86016K, 19% used [0x0000000740000000,0x000000074107d918,0x0000000745400000)
 Metaspace       used 37986K, capacity 40406K, committed 40704K, reserved 1085440K
  class space    used 5112K, capacity 5587K, committed 5632K, reserved 1048576K
Event: 905.958 GC heap after
Heap after GC invocations=16 (full 4):
 PSYoungGen      total 183296K, used 2813K [0x0000000795580000, 0x00000007a1580000, 0x00000007c0000000)
  eden space 171520K, 0% used [0x0000000795580000,0x0000000795580000,0x000000079fd00000)
  from space 11776K, 23% used [0x00000007a0900000,0x00000007a0bbf470,0x00000007a1480000)
  to   space 12288K, 0% used [0x000000079fd00000,0x000000079fd00000,0x00000007a0900000)
 ParOldGen       total 86016K, used 16894K [0x0000000740000000, 0x0000000745400000, 0x0000000795580000)
  object space 86016K, 19% used [0x0000000740000000,0x000000074107f918,0x0000000745400000)
 Metaspace       used 37986K, capacity 40406K, committed 40704K, reserved 1085440K
  class space    used 5112K, capacity 5587K, committed 5632K, reserved 1048576K
}
Event: 905.958 GC heap before
{Heap before GC invocations=17 (full 5):
 PSYoungGen      total 183296K, used 2813K [0x0000000795580000, 0x00000007a1580000, 0x00000007c0000000)
  eden space 171520K, 0% used [0x0000000795580000,0x0000000795580000,0x000000079fd00000)
  from space 11776K, 23% used [0x00000007a0900000,0x00000007a0bbf470,0x00000007a1480000)
  to   space 12288K, 0% used [0x000000079fd00000,0x000000079fd00000,0x00000007a0900000)
 ParOldGen       total 86016K, used 16894K [0x0000000740000000, 0x0000000745400000, 0x0000000795580000)
  object space 86016K, 19% used [0x0000000740000000,0x000000074107f918,0x0000000745400000)
 Metaspace       used 37986K, capacity 40406K, committed 40704K, reserved 1085440K
  class space    used 5112K, capacity 5587K, committed 5632K, reserved 1048576K
Event: 906.128 GC heap after
Heap after GC invocations=17 (full 5):
 PSYoungGen      total 183296K, used 0K [0x0000000795580000, 0x00000007a1580000, 0x00000007c0000000)
  eden space 171520K, 0% used [0x0000000795580000,0x0000000795580000,0x000000079fd00000)
  from space 11776K, 0% used [0x00000007a0900000,0x00000007a0900000,0x00000007a1480000)
  to   space 12288K, 0% used [0x000000079fd00000,0x000000079fd00000,0x00000007a0900000)
 ParOldGen       total 86016K, used 17030K [0x0000000740000000, 0x0000000745400000, 0x0000000795580000)
  object space 86016K, 19% used [0x0000000740000000,0x00000007410a1978,0x0000000745400000)
 Metaspace       used 37961K, capacity 40364K, committed 40704K, reserved 1085440K
  class space    used 5109K, capacity 5579K, committed 5632K, reserved 1048576K
}
Event: 918.393 GC heap before
{Heap before GC invocations=18 (full 5):
 PSYoungGen      total 183296K, used 78403K [0x0000000795580000, 0x00000007a1580000, 0x00000007c0000000)
  eden space 171520K, 45% used [0x0000000795580000,0x000000079a210e88,0x000000079fd00000)
  from space 11776K, 0% used [0x00000007a0900000,0x00000007a0900000,0x00000007a1480000)
  to   space 12288K, 0% used [0x000000079fd00000,0x000000079fd00000,0x00000007a0900000)
 ParOldGen       total 86016K, used 17030K [0x0000000740000000, 0x0000000745400000, 0x0000000795580000)
  object space 86016K, 19% used [0x0000000740000000,0x00000007410a1978,0x0000000745400000)
 Metaspace       used 38279K, capacity 40738K, committed 41088K, reserved 1085440K
  class space    used 5142K, capacity 5643K, committed 5760K, reserved 1048576K

